<?xml version="1.0" encoding="UTF-8"?>
<!-- Generated by org.testng.reporters.JUnitXMLReporter -->
<testsuite hostname="Sandeeps-MacBook-Pro.local" name="Default test" tests="7" failures="0" timestamp="26 Aug 2016 03:02:21 GMT" time="67.585" errors="0">
  <testcase name="enterBlankCredentials" time="0.662" classname="testCases.LandingPageParentSignUp"/>
  <testcase name="enterBlankUserEmail" time="0.728" classname="testCases.LandingPageParentSignUp"/>
  <testcase name="enterBlankUserPassword" time="0.803" classname="testCases.LandingPageParentSignUp"/>
  <testcase name="enterExistingParentEmailAndPassword" time="5.571" classname="testCases.LandingPageParentSignUp"/>
  <testcase name="enterInvalidEmailAndPAssword" time="0.663" classname="testCases.LandingPageParentSignUp"/>
  <testcase name="enterValidEmailAndInvalidPassword" time="0.749" classname="testCases.LandingPageParentSignUp"/>
  <testcase name="enterValidParentEmailAndPassword" time="8.742" classname="testCases.LandingPageParentSignUp"/>
</testsuite> <!-- Default test -->
