<?xml version="1.0" encoding="UTF-8"?>
<!-- Generated by org.testng.reporters.JUnitXMLReporter -->
<testsuite hostname="Sandeeps-MacBook-Pro.local" name="Test" tests="7" failures="0" timestamp="26 Aug 2016 06:07:37 GMT" time="61.819" errors="0">
  <testcase name="enterBlankCredentials" time="0.761" classname="testCases.LandingPageParentSignUp"/>
  <testcase name="enterBlankUserEmail" time="0.675" classname="testCases.LandingPageParentSignUp"/>
  <testcase name="enterBlankUserPassword" time="0.705" classname="testCases.LandingPageParentSignUp"/>
  <testcase name="enterExistingParentEmailAndPassword" time="3.651" classname="testCases.LandingPageParentSignUp"/>
  <testcase name="enterInvalidEmailAndPAssword" time="0.702" classname="testCases.LandingPageParentSignUp"/>
  <testcase name="enterValidEmailAndInvalidPassword" time="0.714" classname="testCases.LandingPageParentSignUp"/>
  <testcase name="enterValidParentEmailAndPassword" time="3.537" classname="testCases.LandingPageParentSignUp"/>
</testsuite> <!-- Test -->
